<?xml version="1.0" encoding="UTF-8"?>
<!-- Generated by org.testng.reporters.JUnitReportReporter -->
<testsuite hostname="DESKTOP-JVGRT92" failures="0" tests="1" name="com.autodesk.testproject.CreateParameter" time="35.150" errors="0" timestamp="26 Feb 2021 14:14:08 GMT" skipped="0">
  <testcase classname="com.autodesk.testproject.CreateParameter" name="addparameter" time="35.150"/>
</testsuite> <!-- com.autodesk.testproject.CreateParameter -->
