<?xml version="1.0" encoding="UTF-8"?>
<!-- Generated by org.testng.reporters.JUnitReportReporter -->
<testsuite hostname="DESKTOP-JVGRT92" failures="0" tests="1" name="com.autodesk.testproject.AddApplicationTest" time="42.719" errors="0" timestamp="26 Feb 2021 14:00:05 GMT" skipped="0">
  <testcase classname="com.autodesk.testproject.AddApplicationTest" name="addApplicaionTest" time="42.719"/>
</testsuite> <!-- com.autodesk.testproject.AddApplicationTest -->
