<?xml version="1.0" encoding="UTF-8"?>
<!-- Generated by org.testng.reporters.JUnitReportReporter -->
<testsuite hostname="DESKTOP-JVGRT92" failures="0" tests="1" name="com.autodesk.testproject.CreateProject" time="49.709" errors="0" timestamp="26 Feb 2021 07:05:52 GMT" skipped="0">
  <testcase classname="com.autodesk.testproject.CreateProject" name="createProject" time="49.709"/>
</testsuite> <!-- com.autodesk.testproject.CreateProject -->
