<?xml version="1.0" encoding="UTF-8"?>
<!-- Generated by org.testng.reporters.JUnitReportReporter -->
<testsuite hostname="DESKTOP-JVGRT92" failures="0" tests="1" name="com.autodesk.testproject.TestClass" time="40.146" errors="0" timestamp="26 Feb 2021 14:10:17 GMT" skipped="0">
  <testcase classname="com.autodesk.testproject.TestClass" name="createFolder" time="40.146"/>
</testsuite> <!-- com.autodesk.testproject.TestClass -->
