<?xml version="1.0" encoding="UTF-8"?>
<!-- Generated by org.testng.reporters.JUnitReportReporter -->
<testsuite hostname="DESKTOP-JVGRT92" failures="0" tests="1" name="com.autodesk.testproject.CreateFolderTest" time="74.712" errors="0" timestamp="25 Feb 2021 09:33:12 GMT" skipped="0">
  <testcase classname="com.autodesk.testproject.CreateFolderTest" name="createFolderCreateTest" time="74.712"/>
</testsuite> <!-- com.autodesk.testproject.CreateFolderTest -->
