<?xml version="1.0" encoding="UTF-8"?>
<!-- Generated by org.testng.reporters.JUnitReportReporter -->
<testsuite hostname="DESKTOP-JVGRT92" failures="0" tests="1" name="com.autodesk.testproject.CreateFolderTestJobReport" time="82.880" errors="0" timestamp="26 Feb 2021 14:19:58 GMT" skipped="0">
  <testcase classname="com.autodesk.testproject.CreateFolderTestJobReport" name="createFolderTestJobReport" time="82.880"/>
</testsuite> <!-- com.autodesk.testproject.CreateFolderTestJobReport -->
