<?xml version="1.0" encoding="UTF-8"?>
<!-- Generated by org.testng.reporters.JUnitReportReporter -->
<testsuite hostname="DESKTOP-JVGRT92" failures="0" tests="1" name="com.autodesk.testproject.CreateProjectAndTestDataSource" time="50.336" errors="0" timestamp="26 Feb 2021 14:06:53 GMT" skipped="0">
  <testcase classname="com.autodesk.testproject.CreateProjectAndTestDataSource" name="createProject" time="50.336"/>
</testsuite> <!-- com.autodesk.testproject.CreateProjectAndTestDataSource -->
